c:\users\z tech\desktop\cgui\ccgui\ccgui\debug\ccgui.loginform.resources
c:\users\z tech\desktop\cgui\ccgui\ccgui\debug\ccgui.comsatsportal.resources
c:\users\z tech\desktop\cgui\ccgui\ccgui\debug\ccgui.join.resources
c:\users\z tech\desktop\cgui\ccgui\ccgui\debug\ccgui.results1.resources
c:\users\z tech\desktop\cgui\ccgui\ccgui\debug\vc141.pdb
c:\users\z tech\desktop\cgui\ccgui\ccgui\debug\.netframework,version=v4.6.1.assemblyattributes.obj
c:\users\z tech\desktop\cgui\ccgui\ccgui\debug\.netframework,version=v4.6.1.assemblyattributes.asm
c:\users\z tech\desktop\cgui\ccgui\ccgui\debug\result.obj
c:\users\z tech\desktop\cgui\ccgui\ccgui\debug\join.obj
c:\users\z tech\desktop\cgui\ccgui\ccgui\debug\myform.obj
c:\users\z tech\desktop\cgui\ccgui\ccgui\debug\loginform.obj
c:\users\z tech\desktop\cgui\ccgui\ccgui\debug\comsatsportal.obj
c:\users\z tech\desktop\cgui\ccgui\ccgui\debug\results1.obj
c:\users\z tech\desktop\cgui\ccgui\debug\ccgui.exe
c:\users\z tech\desktop\cgui\ccgui\debug\ccgui.pdb
c:\users\z tech\desktop\cgui\ccgui\ccgui\debug\ccgui.vcxproj.generateresource.cache
c:\users\z tech\desktop\cgui\ccgui\ccgui\debug\ccgui.vcxprojassemblyreference.cache
c:\users\z tech\desktop\cgui\ccgui\ccgui\debug\ccgui.tlog\ccgui.write.1u.tlog
c:\users\z tech\desktop\cgui\ccgui\ccgui\debug\ccgui.tlog\cl.command.1.tlog
c:\users\z tech\desktop\cgui\ccgui\ccgui\debug\ccgui.tlog\cl.read.1.tlog
c:\users\z tech\desktop\cgui\ccgui\ccgui\debug\ccgui.tlog\cl.write.1.tlog
c:\users\z tech\desktop\cgui\ccgui\ccgui\debug\ccgui.tlog\link.command.1.tlog
c:\users\z tech\desktop\cgui\ccgui\ccgui\debug\ccgui.tlog\link.read.1.tlog
c:\users\z tech\desktop\cgui\ccgui\ccgui\debug\ccgui.tlog\link.write.1.tlog
c:\users\z tech\desktop\cgui\ccgui\ccgui\debug\ccgui.tlog\metagen.read.1.tlog
c:\users\z tech\desktop\cgui\ccgui\ccgui\debug\ccgui.tlog\metagen.write.1.tlog
